<?xml version="1.0" encoding="UTF-8"?>
<coverage generated="1755000483091" clover="3.2.0">
  <project timestamp="1755000483091" name="All files">
    <metrics statements="19" coveredstatements="7" conditionals="0" coveredconditionals="0" methods="9" coveredmethods="3" elements="28" coveredelements="10" complexity="0" loc="19" ncloc="19" packages="1" files="1" classes="1"/>
    <file name="client.ts" path="/Users/jeff/Projects/ignite/chesscomapi/src/client.ts">
      <metrics statements="19" coveredstatements="7" conditionals="0" coveredconditionals="0" methods="9" coveredmethods="3"/>
      <line num="1" count="1" type="stmt"/>
      <line num="13" count="1" type="stmt"/>
      <line num="17" count="2" type="stmt"/>
      <line num="31" count="1" type="stmt"/>
      <line num="34" count="1" type="stmt"/>
      <line num="42" count="1" type="stmt"/>
      <line num="45" count="1" type="stmt"/>
      <line num="53" count="0" type="stmt"/>
      <line num="56" count="0" type="stmt"/>
      <line num="66" count="0" type="stmt"/>
      <line num="69" count="0" type="stmt"/>
      <line num="79" count="0" type="stmt"/>
      <line num="82" count="0" type="stmt"/>
      <line num="90" count="0" type="stmt"/>
      <line num="93" count="0" type="stmt"/>
      <line num="103" count="0" type="stmt"/>
      <line num="106" count="0" type="stmt"/>
      <line num="116" count="0" type="stmt"/>
      <line num="119" count="0" type="stmt"/>
    </file>
  </project>
</coverage>
