{"/Users/jeff/Projects/ignite/chesscomapi/src/client.ts": {"path":"/Users/jeff/Projects/ignite/chesscomapi/src/client.ts","statementMap":{"0":{"start":{"line":1,"column":0},"end":{"line":1,"column":45}},"1":{"start":{"line":17,"column":4},"end":{"line":23,"column":7}},"2":{"start":{"line":31,"column":21},"end":{"line":32,"column":null}},"3":{"start":{"line":34,"column":4},"end":{"line":34,"column":25}},"4":{"start":{"line":42,"column":21},"end":{"line":43,"column":null}},"5":{"start":{"line":45,"column":4},"end":{"line":45,"column":25}},"6":{"start":{"line":53,"column":21},"end":{"line":54,"column":null}},"7":{"start":{"line":56,"column":4},"end":{"line":56,"column":25}},"8":{"start":{"line":66,"column":21},"end":{"line":67,"column":null}},"9":{"start":{"line":69,"column":4},"end":{"line":69,"column":25}},"10":{"start":{"line":79,"column":21},"end":{"line":80,"column":null}},"11":{"start":{"line":82,"column":4},"end":{"line":82,"column":25}},"12":{"start":{"line":90,"column":21},"end":{"line":91,"column":null}},"13":{"start":{"line":93,"column":4},"end":{"line":93,"column":25}},"14":{"start":{"line":103,"column":21},"end":{"line":104,"column":null}},"15":{"start":{"line":106,"column":4},"end":{"line":106,"column":25}},"16":{"start":{"line":116,"column":21},"end":{"line":117,"column":null}},"17":{"start":{"line":119,"column":4},"end":{"line":119,"column":25}},"18":{"start":{"line":13,"column":0},"end":{"line":13,"column":13}}},"fnMap":{"0":{"name":"(anonymous_8)","decl":{"start":{"line":16,"column":2},"end":{"line":16,"column":null}},"loc":{"start":{"line":16,"column":2},"end":{"line":24,"column":3}}},"1":{"name":"(anonymous_9)","decl":{"start":{"line":30,"column":15},"end":{"line":30,"column":31}},"loc":{"start":{"line":30,"column":48},"end":{"line":35,"column":null}}},"2":{"name":"(anonymous_11)","decl":{"start":{"line":41,"column":15},"end":{"line":41,"column":29}},"loc":{"start":{"line":41,"column":46},"end":{"line":46,"column":null}}},"3":{"name":"(anonymous_13)","decl":{"start":{"line":52,"column":15},"end":{"line":52,"column":29}},"loc":{"start":{"line":52,"column":46},"end":{"line":57,"column":null}}},"4":{"name":"(anonymous_15)","decl":{"start":{"line":63,"column":15},"end":{"line":63,"column":39}},"loc":{"start":{"line":64,"column":20},"end":{"line":70,"column":null}}},"5":{"name":"(anonymous_17)","decl":{"start":{"line":76,"column":15},"end":{"line":76,"column":35}},"loc":{"start":{"line":77,"column":20},"end":{"line":83,"column":null}}},"6":{"name":"(anonymous_19)","decl":{"start":{"line":89,"column":15},"end":{"line":89,"column":29}},"loc":{"start":{"line":89,"column":46},"end":{"line":94,"column":null}}},"7":{"name":"(anonymous_21)","decl":{"start":{"line":100,"column":15},"end":{"line":100,"column":35}},"loc":{"start":{"line":101,"column":20},"end":{"line":107,"column":null}}},"8":{"name":"(anonymous_23)","decl":{"start":{"line":113,"column":15},"end":{"line":113,"column":35}},"loc":{"start":{"line":114,"column":20},"end":{"line":120,"column":null}}}},"branchMap":{},"s":{"0":1,"1":2,"2":1,"3":1,"4":1,"5":1,"6":0,"7":0,"8":0,"9":0,"10":0,"11":0,"12":0,"13":0,"14":0,"15":0,"16":0,"17":0,"18":1},"f":{"0":2,"1":1,"2":1,"3":0,"4":0,"5":0,"6":0,"7":0,"8":0},"b":{}}
}
