TN:
SF:src/client.ts
FN:16,(anonymous_8)
FN:30,(anonymous_9)
FN:41,(anonymous_11)
FN:52,(anonymous_13)
FN:63,(anonymous_15)
FN:76,(anonymous_17)
FN:89,(anonymous_19)
FN:100,(anonymous_21)
FN:113,(anonymous_23)
FNF:9
FNH:3
FNDA:2,(anonymous_8)
FNDA:1,(anonymous_9)
FNDA:1,(anonymous_11)
FNDA:0,(anonymous_13)
FNDA:0,(anonymous_15)
FNDA:0,(anonymous_17)
FNDA:0,(anonymous_19)
FNDA:0,(anonymous_21)
FNDA:0,(anonymous_23)
DA:1,1
DA:13,1
DA:17,2
DA:31,1
DA:34,1
DA:42,1
DA:45,1
DA:53,0
DA:56,0
DA:66,0
DA:69,0
DA:79,0
DA:82,0
DA:90,0
DA:93,0
DA:103,0
DA:106,0
DA:116,0
DA:119,0
LF:19
LH:7
BRF:0
BRH:0
end_of_record
